"../../../../../Create/Projects/Unreal/Tripwire_Redux/Content/Audio/Walk/stepstone_1.uasset" 0
"../../../../../Create/Projects/Unreal/Tripwire_Redux/Content/Audio/Walk/stepstone_7.uasset" 1
"../../../../../Create/Projects/Unreal/Tripwire_Redux/Content/UI/WB_AttackButtons.uasset" 2
"../../../Engine/Content/Animation/DefaultAnimBoneCompressionSettings.uasset" 3
"../../../Engine/Content/Animation/DefaultAnimCurveCompressionSettings.uasset" 4
"../../../Engine/Content/Functions/Engine_MaterialFunctions01/Opacity/CameraDepthFade.uasset" 5
"../../../Engine/Content/EngineMaterials/T_Default_Material_Grid_M.uasset" 6
"../../../Engine/Content/EngineMaterials/T_Default_Material_Grid_N.uasset" 7
"../../../Engine/Content/EngineMaterials/WorldGridMaterial.uasset" 8
"../../../Engine/Content/ArtTools/RenderToTexture/Meshes/S_1_Unit_Plane.uasset" 9
"../../../Engine/Content/EngineMaterials/DefaultMaterial.uasset" 10
"../../../Engine/Content/BasicShapes/Cone.uasset" 11
"../../../Engine/Content/EditorLandscapeResources/DataLayer.uasset" 12
"../../../Engine/Content/EditorMaterials/MAT_Groups_Toggle.uasset" 13
"../../../Engine/Content/EditorMaterials/MAT_Groups_Visibility.uasset" 14
"../../../Engine/Content/EditorMaterials/PreviewShadowIndicator.uasset" 15
"../../../Engine/Content/EditorMaterials/PreviewShadowIndicatorMaterial.uasset" 16
"../../../Engine/Content/EditorMaterials/MatineeGroups/MAT_ColorTrack.uasset" 17
"../../../Engine/Content/EditorMaterials/MatineeGroups/MAT_Groups_Anim.uasset" 18
"../../../Engine/Content/EditorMaterials/MatineeGroups/MAT_Groups_AudioMaster.uasset" 19
"../../../Engine/Content/EditorMaterials/MatineeGroups/MAT_Groups_Director.uasset" 20
"../../../Engine/Content/EditorMaterials/MatineeGroups/MAT_Groups_Event.uasset" 21
"../../../Engine/Content/EditorMaterials/MatineeGroups/MAT_Groups_Fade.uasset" 22
"../../../Engine/Content/EditorMaterials/MatineeGroups/MAT_Groups_Float.uasset" 23
"../../../Engine/Content/EditorMaterials/MatineeGroups/MAT_Groups_Move.uasset" 24
"../../../Engine/Content/EditorMaterials/MatineeGroups/MAT_Groups_Slomo.uasset" 25
"../../../Engine/Content/EditorMaterials/MatineeGroups/MAT_Groups_Sound.uasset" 26
"../../../Engine/Content/EditorMaterials/MatineeGroups/MAT_Groups_Vector.uasset" 27
"../../../Engine/Content/EditorMaterials/ParticleSystems/PSysThumbnail_NoImage.uasset" 28
"../../../Engine/Content/EditorMaterials/ParticleSystems/PSysThumbnail_OOD.uasset" 29
"../../../Engine/Content/EditorMaterials/Camera/CineMat.uasset" 30
"../../../Engine/Content/EditorMaterials/Camera/MI_CineMat_Rig.uasset" 31
"../../../Engine/Content/EditorMeshes/Camera/SM_CraneRig_Arm.uasset" 32
"../../../Engine/Content/EditorMeshes/Camera/SM_CraneRig_Base.uasset" 33
"../../../Engine/Content/EditorMeshes/Camera/SM_CraneRig_Body.uasset" 34
"../../../Engine/Content/EditorMeshes/Camera/SM_CraneRig_Mount.uasset" 35
"../../../Engine/Content/EditorMeshes/Camera/SM_RailRig_Mount.uasset" 36
"../../../Engine/Content/EditorMeshes/Camera/SM_RailRig_Track.uasset" 37
"../../../Engine/Content/EditorResources/BSPVertex.uasset" 38
"../../../Engine/Content/EditorResources/EmptyActor.uasset" 39
"../../../Engine/Content/EditorResources/S_Actor.uasset" 40
"../../../Engine/Content/EditorResources/S_Note.uasset" 41
"../../../Engine/Content/EditorResources/S_Solver.uasset" 42
"../../../Engine/Content/EditorResources/S_Trigger.uasset" 43
"../../../Engine/Content/EditorResources/SequenceRecorder/Countdown.uasset" 44
"../../../Engine/Content/EditorResources/SequenceRecorder/RecordingIndicator.uasset" 45
"../../../Engine/Content/EditorSounds/Notifications/CompileFailed.uasset" 46
"../../../Engine/Content/EditorSounds/Notifications/CompileFailed_Cue.uasset" 47
"../../../Engine/Content/EditorSounds/Notifications/CompileSuccess.uasset" 48
"../../../Engine/Content/EditorSounds/Notifications/CompileStart_Cue.uasset" 49
"../../../Engine/Content/EditorSounds/Notifications/CompileSuccess_Cue.uasset" 50
"../../../Engine/Content/EngineDamageTypes/DmgTypeBP_Environmental.uasset" 51
"../../../Engine/Content/EngineDebugMaterials/DebugEditorMaterial.uasset" 52
"../../../Engine/Content/EngineDebugMaterials/DebugMeshMaterial.uasset" 53
"../../../Engine/Content/EngineDebugMaterials/M_SimpleUnlitTranslucent.uasset" 54
"../../../Engine/Content/Functions/Engine_MaterialFunctions02/Utility/CameraDirectionVector.uasset" 55
"../../../Engine/Content/EngineDebugMaterials/VolumeToRender.uasset" 56
"../../../Engine/Content/EngineDebugMaterials/M_VolumeRenderSphereTracePP.uasset" 57
"../../../Engine/Content/EngineDebugMaterials/WireframeMaterial.uasset" 58
"../../../Engine/Content/EngineFonts/Faces/DroidSansFallback.uasset" 59
"../../../Engine/Content/EngineFonts/Faces/RobotoBold.uasset" 60
"../../../Engine/Content/EngineFonts/Faces/RobotoBoldItalic.uasset" 61
"../../../Engine/Content/EngineFonts/Faces/RobotoItalic.uasset" 62
"../../../Engine/Content/EngineFonts/Faces/RobotoLight.uasset" 63
"../../../Engine/Content/EngineFonts/Faces/RobotoRegular.uasset" 64
"../../../Engine/Content/EngineFonts/Roboto.uasset" 65
"../../../Engine/Content/EngineMaterials/BaseFlattenDiffuseMap.uasset" 66
"../../../Engine/Content/EngineMaterials/BaseFlattenEmissiveMap.uasset" 67
"../../../Engine/Content/EngineMaterials/BaseFlattenGrayscaleMap.uasset" 68
"../../../Engine/Content/EngineMaterials/BaseFlattenNormalMap.uasset" 69
"../../../Engine/Content/EngineMaterials/BaseFlattenMaterial.uasset" 70
"../../../Engine/Content/EngineMaterials/BlueNoise.uasset" 71
"../../../Engine/Content/EngineMaterials/DefaultBloomKernel.uasset" 72
"../../../Engine/Content/EngineMaterials/DefaultBokeh.uasset" 73
"../../../Engine/Content/EngineMaterials/DefaultDiffuse.uasset" 74
"../../../Engine/Content/EngineMaterials/DefaultDeferredDecalMaterial.uasset" 75
"../../../Engine/Content/EngineMaterials/DefaultLightFunctionMaterial.uasset" 76
"../../../Engine/Content/EngineMaterials/DefaultPhysicalMaterial.uasset" 77
"../../../Engine/Content/Functions/Engine_MaterialFunctions02/Utility/BreakOutFloat2Components.uasset" 78
"../../../Engine/Content/EngineMaterials/DefaultPostProcessMaterial.uasset" 79
"../../../Engine/Content/EngineFonts/RobotoDistanceField.uasset" 80
"../../../Engine/Content/EngineMaterials/DefaultTextMaterialOpaque.uasset" 81
"../../../Engine/Content/EngineMaterials/DefaultWhiteGrid.uasset" 82
"../../../Engine/Content/EngineMaterials/DefaultWhiteGrid_Low.uasset" 83
"../../../Engine/Content/EngineMaterials/EmissiveMeshMaterial.uasset" 84
"../../../Engine/Content/EngineMaterials/GizmoMaterial.uasset" 85
"../../../Engine/Content/EngineMaterials/MiniFont.uasset" 86
"../../../Engine/Content/EngineMaterials/InvalidLightmapSettings.uasset" 87
"../../../Engine/Content/EngineMaterials/M_InvalidLightmapSettings.uasset" 88
"../../../Engine/Content/Functions/Engine_MaterialFunctions02/WorldPositionOffset/CameraOffset.uasset" 89
"../../../Engine/Content/EngineMaterials/PhAT_JointLimitMaterial.uasset" 90
"../../../Engine/Content/EngineMaterials/PreintegratedSkinBRDF.uasset" 91
"../../../Engine/Content/EngineMaterials/RemoveSurfaceMaterial.uasset" 92
"../../../Engine/Content/EngineMaterials/WeightMapPlaceholderTexture.uasset" 93
"../../../Engine/Content/EngineResources/WhiteSquareTexture.uasset" 94
"../../../Engine/Content/EngineMaterials/Widget3DPassThrough.uasset" 95
"../../../Engine/Content/EngineMaterials/Widget3DPassThrough_Masked.uasset" 96
"../../../Engine/Content/EngineMaterials/Widget3DPassThrough_Opaque.uasset" 97
"../../../Engine/Content/EngineMaterials/Widget3DPassThrough_Masked_OneSided.uasset" 98
"../../../Engine/Content/EngineMaterials/Widget3DPassThrough_Opaque_OneSided.uasset" 99
"../../../Engine/Content/EngineMaterials/Widget3DPassThrough_Translucent.uasset" 100
"../../../Engine/Content/EngineMaterials/Widget3DPassThrough_Translucent_OneSided.uasset" 101
"../../../Engine/Content/EngineMeshes/Sphere.uasset" 102
"../../../Engine/Content/EngineResources/Black.uasset" 103
"../../../Engine/Content/EngineResources/DefaultTexture.uasset" 104
"../../../Engine/Content/EngineResources/DefaultTextureCube.uasset" 105
"../../../Engine/Content/EngineResources/DefaultVolumeTexture2D.uasset" 106
"../../../Engine/Content/EngineResources/DefaultVolumeTexture.uasset" 107
"../../../Engine/Content/EngineResources/GradientTexture0.uasset" 108
"../../../Engine/Content/EngineSounds/Master.uasset" 109
"../../../Engine/Content/Functions/Engine_MaterialFunctions01/Shading/ConvertFromDiffSpec.uasset" 110
"../../../Engine/Content/Functions/Engine_MaterialFunctions01/Shading/PowerToRoughness.uasset" 111
"../../../Engine/Content/Maps/Templates/Thumbnails/Default.uasset" 112
"../../../Engine/Content/Maps/Templates/Thumbnails/TimeOfDay.uasset" 113
"../../../Engine/Content/Maps/Templates/Thumbnails/VR-Basic.uasset" 114
"../../../Engine/Content/MobileResources/T_MobileControls_texture.uasset" 115
"../../../Engine/Content/MobileResources/T_MobileMenu2.uasset" 116
"../../../Engine/Content/MobileResources/HUD/AnalogHat.uasset" 117
"../../../Engine/Content/MobileResources/HUD/VirtualJoystick_Background.uasset" 118
"../../../Engine/Content/MobileResources/HUD/VirtualJoystick_Thumb.uasset" 119
"../../../Engine/Content/MobileResources/HUD/DefaultVirtualJoysticks.uasset" 120
"../../../Engine/Content/MobileResources/HUD/LeftVirtualJoystickOnly.uasset" 121
"../../../Engine/Content/MobileResources/HUD/MobileHUDButton1_off.uasset" 122
"../../../Engine/Content/MobileResources/HUD/MobileHUDButton1_on.uasset" 123
"../../../Engine/Content/MobileResources/HUD/MobileHUDButton2_off.uasset" 124
"../../../Engine/Content/MobileResources/HUD/MobileHUDButton2_on.uasset" 125
"../../../Engine/Content/MobileResources/HUD/MobileHUDButton3.uasset" 126
"../../../Engine/Content/MobileResources/HUD/MobileHUDButtonFire.uasset" 127
"../../../Engine/Content/MobileResources/HUD/MobileHUDDirectionPad.uasset" 128
"../../../Engine/Content/MobileResources/HUD/MobileHUDDirectionPad2.uasset" 129
"../../../Engine/Content/MobileResources/HUD/MobileHUDDirectionPad3.uasset" 130
"../../../Engine/Content/MobileResources/HUD/MobileHUDDirectionStick.uasset" 131
"../../../Engine/Content/MobileResources/HUD/T_Castle_ThumbstickInner.uasset" 132
"../../../Engine/Content/MobileResources/HUD/T_Castle_ThumbstickOutter.uasset" 133
"../../../Engine/Content/Tutorial/ContentIntroCurve.uasset" 134
"../../../Engine/Content/Tutorial/Basics/LevelEditorAttract.uasset" 135
"../../../Engine/Content/Tutorial/Basics/TutorialAssets/icon_tab_Levels_40x.uasset" 136
"../../../Engine/Content/Tutorial/Basics/LevelEditorOverview.uasset" 137
"../../../Engine/Content/Tutorial/BlueprintTutorials/TutorialAssets/Blueprint_64x.uasset" 138
"../../../Engine/Content/Tutorial/BlueprintTutorials/BlueprintEditorTutorial.uasset" 139
"../../../Engine/Content/Tutorial/Mobile/SettingUpLuminTutorial.uasset" 140
"../../../Engine/Content/VREditor/LaserPointer/VR_LaserPower_01.uasset" 141
"../../../Engine/Content/VREditor/TransformGizmo/TransformGizmoMaterial.uasset" 142
"../../../Engine/Content/VREditor/TransformGizmo/TranslucentTransformGizmoMaterial.uasset" 143
"../../../Engine/Content/VREditor/TransformGizmo/BoundingBoxCorner.uasset" 144
"../../../Engine/Content/VREditor/TransformGizmo/BoundingBoxEdge.uasset" 145
"../../../Engine/Content/VREditor/TransformGizmo/PlaneTranslationHandle.uasset" 146
"../../../Engine/Content/VREditor/TransformGizmo/Main.uasset" 147
"../../../Engine/Content/VREditor/TransformGizmo/Xray.uasset" 148
"../../../Engine/Content/VREditor/TransformGizmo/SM_Sequencer_Key.uasset" 149
"../../../Engine/Content/VREditor/TransformGizmo/SM_Sequencer_Node.uasset" 150
"../../../Engine/Content/EditorBlueprintResources/StandardMacros.uasset" 151
"../../../../../Create/Projects/Unreal/Tripwire_Redux/Content/Materials/M_Wall.uasset" 152
"../../../../../Create/Projects/Unreal/Tripwire_Redux/Content/StaticMeshes/LobbyWall.uasset" 153
"../../../../../Create/Projects/Unreal/Tripwire_Redux/Content/UI/WB_PlayerInfo.uasset" 154
"../../../../../Create/Projects/Unreal/Tripwire_Redux/Content/UI/WB_Lobby.uasset" 155
"../../../../../Create/Projects/Unreal/Tripwire_Redux/Content/Blueprints/Actors/BP_LobbyWall.uasset" 156
"../../../../../Create/Projects/Unreal/Tripwire_Redux/Content/Blueprints/Characters/Mannequin/Character/Mesh/SK_Mannequin_Skeleton.uasset" 157
"../../../../../Create/Projects/Unreal/Tripwire_Redux/Content/Blueprints/Characters/Mannequin/Animations/ThirdPersonJump_End.uasset" 158
"../../../../../Create/Projects/Unreal/Tripwire_Redux/Content/Blueprints/Characters/Mannequin/Animations/ThirdPersonJump_Loop.uasset" 159
"../../../../../Create/Projects/Unreal/Tripwire_Redux/Content/Blueprints/Characters/Mannequin/Animations/ThirdPersonJump_Start.uasset" 160
"../../../../../Create/Projects/Unreal/Tripwire_Redux/Content/Blueprints/Characters/Mannequin/Animations/ThirdPersonIdle.uasset" 161
"../../../../../Create/Projects/Unreal/Tripwire_Redux/Content/Blueprints/Characters/Mannequin/Animations/ThirdPersonRun.uasset" 162
"../../../../../Create/Projects/Unreal/Tripwire_Redux/Content/Blueprints/Characters/Mannequin/Animations/ThirdPersonWalk.uasset" 163
"../../../../../Create/Projects/Unreal/Tripwire_Redux/Content/Blueprints/Characters/Mannequin/Animations/ThirdPerson_IdleRun_2D.uasset" 164
"../../../../../Create/Projects/Unreal/Tripwire_Redux/Content/Blueprints/Characters/Mannequin/Animations/A_Pistol.uasset" 165
"../../../../../Create/Projects/Unreal/Tripwire_Redux/Content/Blueprints/Characters/Mannequin/Animations/AM_Pistol.uasset" 166
"../../../../../Create/Projects/Unreal/Tripwire_Redux/Content/Blueprints/Characters/Mannequin/Animations/A_Punch.uasset" 167
"../../../../../Create/Projects/Unreal/Tripwire_Redux/Content/Blueprints/Characters/Mannequin/Animations/Melee_Attack.uasset" 168
"../../../../../Create/Projects/Unreal/Tripwire_Redux/Content/Blueprints/Characters/Mannequin/Animations/SK_Mannequin_Skeleton_Punch.uasset" 169
"../../../../../Create/Projects/Unreal/Tripwire_Redux/Content/Blueprints/Characters/Mannequin/Animations/Punch.uasset" 170
"../../../../../Create/Projects/Unreal/Tripwire_Redux/Content/Blueprints/Characters/Mannequin/Animations/Crouch_Idle_Rifle_Hip.uasset" 171
"../../../../../Create/Projects/Unreal/Tripwire_Redux/Content/Blueprints/Characters/Mannequin/Animations/Crouch_Walk_Fwd_Rifle_Hip.uasset" 172
"../../../../../Create/Projects/Unreal/Tripwire_Redux/Content/Blueprints/Characters/Mannequin/Animations/BS_crouch.uasset" 173
"../../../../../Create/Projects/Unreal/Tripwire_Redux/Content/Blueprints/Characters/Mannequin/Animations/ABP_ThirdPerson_AnimBP.uasset" 174
"../../../../../Create/Projects/Unreal/Tripwire_Redux/Content/Blueprints/Characters/Mannequin/Animations/DeathAnim.uasset" 175
"../../../Engine/Content/EditorBlueprintResources/ActorMacros.uasset" 176
"../../../../../Create/Projects/Unreal/Tripwire_Redux/Content/Blueprints/Actors/I_Show.uasset" 177
"../../../../../Create/Projects/Unreal/Tripwire_Redux/Content/Blueprints/Actors/BP_Tool.uasset" 178
"../../../Engine/Content/Functions/Engine_MaterialFunctions02/ExampleContent/TextureBasedWPO/DemoBox.uasset" 179
"../../../../../Create/Projects/Unreal/Tripwire_Redux/Content/Materials/M_RenderTarget2D_Room01.uasset" 180
"../../../../../Create/Projects/Unreal/Tripwire_Redux/Content/Blueprints/Actors/BP_CameraCapture.uasset" 181
"../../../Engine/Content/Functions/Engine_MaterialFunctions01/ImageAdjustment/BlurSampleOffsets.uasset" 182
"../../../Engine/Content/EngineDebugMaterials/HeatmapGradient.uasset" 183
"../../../Engine/Content/Functions/Engine_MaterialFunctions01/ImageAdjustment/CheapContrast_RGB.uasset" 184
"../../../Engine/Content/Functions/Engine_MaterialFunctions02/HueShift.uasset" 185
"../../../Engine/Content/Functions/Engine_MaterialFunctions02/Utility/BlendAngleCorrectedNormals.uasset" 186
"../../../Engine/Content/Functions/Engine_MaterialFunctions02/Texturing/ScreenAlignedPixelToPixelUVs.uasset" 187
"../../../Engine/Content/EngineMaterials/Good64x64TilingNoiseHighFreq.uasset" 188
"../../../Engine/Content/Functions/Engine_MaterialFunctions02/Utility/DitherTemporalAA.uasset" 189
"../../../../../Create/Projects/Unreal/Tripwire_Redux/Content/Textures/B_N.uasset" 190
"../../../../../Create/Projects/Unreal/Tripwire_Redux/Content/Textures/BB_D.uasset" 191
"../../../../../Create/Projects/Unreal/Tripwire_Redux/Content/Textures/BG_D.uasset" 192
"../../../../../Create/Projects/Unreal/Tripwire_Redux/Content/Textures/Outside/T_MASK1.uasset" 193
"../../../../../Create/Projects/Unreal/Tripwire_Redux/Content/Textures/Outside/T_MASK2.uasset" 194
"../../../../../Create/Projects/Unreal/Tripwire_Redux/Content/Materials/M_base.uasset" 195
"../../../../../Create/Projects/Unreal/Tripwire_Redux/Content/Textures/Outside/T_Barrel01_D.uasset" 196
"../../../../../Create/Projects/Unreal/Tripwire_Redux/Content/Textures/Outside/T_Barrel01_N.uasset" 197
"../../../../../Create/Projects/Unreal/Tripwire_Redux/Content/Textures/Outside/T_Barrel01_SRM.uasset" 198
"../../../../../Create/Projects/Unreal/Tripwire_Redux/Content/Materials/MI_Barrel01_5.uasset" 199
"../../../../../Create/Projects/Unreal/Tripwire_Redux/Content/StaticMeshes/Camera.uasset" 200
"../../../../../Create/Projects/Unreal/Tripwire_Redux/Content/Blueprints/Actors/BP_Camera.uasset" 201
"../../../../../Create/Projects/Unreal/Tripwire_Redux/Content/Textures/Temper.uasset" 202
"../../../../../Create/Projects/Unreal/Tripwire_Redux/Content/Materials/M_Fire.uasset" 203
"../../../Engine/Content/BasicShapes/Cube.uasset" 204
"../../../../../Create/Projects/Unreal/Tripwire_Redux/Content/Audio/Bonfire_loop.uasset" 205
"../../../../../Create/Projects/Unreal/Tripwire_Redux/Content/Blueprints/Actors/BP_Fire.uasset" 206
"../../../Engine/Content/BasicShapes/Cylinder.uasset" 207
"../../../../../Create/Projects/Unreal/Tripwire_Redux/Content/Audio/Beep.uasset" 208
"../../../../../Create/Projects/Unreal/Tripwire_Redux/Content/Audio/BeepAttenuation.uasset" 209
"../../../../../Create/Projects/Unreal/Tripwire_Redux/Content/Audio/Bomb+1.uasset" 210
"../../../Engine/Content/Functions/Engine_MaterialFunctions02/SmoothStep.uasset" 211
"../../../../../Create/Projects/Unreal/Tripwire_Redux/Content/Textures/0_6_smoke_re_vg.uasset" 212
"../../../../../Create/Projects/Unreal/Tripwire_Redux/Content/Materials/blackbody_exp_Mat.uasset" 213
"../../../../../Create/Projects/Unreal/Tripwire_Redux/Content/Materials/blackbody_exp_Mat_Inst3.uasset" 214
"../../../Engine/Content/Functions/Engine_MaterialFunctions01/Density/ExponentialDensity.uasset" 215
"../../../Engine/Content/Functions/Engine_MaterialFunctions01/Gradient/RadialGradientExponential.uasset" 216
"../../../../../Create/Projects/Unreal/Tripwire_Redux/Content/Materials/Materials/0_DotCircle_Mat.uasset" 217
"../../../../../Create/Projects/Unreal/Tripwire_Redux/Content/Materials/Materials/0_DotCircle_Mat_Inst.uasset" 218
"../../../../../Create/Projects/Unreal/Tripwire_Redux/Content/Particles/Fire_Exp_02.uasset" 219
"../../../../../Create/Projects/Unreal/Tripwire_Redux/Content/Blueprints/Actors/BP_Mine.uasset" 220
"../../../../../Create/Projects/Unreal/Tripwire_Redux/Content/SkeletalMeshes/pickupOpen_Skeleton.uasset" 221
"../../../../../Create/Projects/Unreal/Tripwire_Redux/Content/SkeletalMeshes/pickupOpen_Anim.uasset" 222
"../../../../../Create/Projects/Unreal/Tripwire_Redux/Content/SkeletalMeshes/AM_pickupOpen.uasset" 223
"../../../../../Create/Projects/Unreal/Tripwire_Redux/Content/SkeletalMeshes/pickupClose.uasset" 224
"../../../../../Create/Projects/Unreal/Tripwire_Redux/Content/Data/PickUp_Types.uasset" 225
"../../../../../Create/Projects/Unreal/Tripwire_Redux/Content/Data/PickUps.uasset" 226
"../../../../../Create/Projects/Unreal/Tripwire_Redux/Content/Data/PickupsDataTable.uasset" 227
"../../../../../Create/Projects/Unreal/Tripwire_Redux/Content/Materials/Center.uasset" 228
"../../../../../Create/Projects/Unreal/Tripwire_Redux/Content/Materials/CubeMaterial.uasset" 229
"../../../../../Create/Projects/Unreal/Tripwire_Redux/Content/Materials/M_SwitchActive.uasset" 230
"../../../../../Create/Projects/Unreal/Tripwire_Redux/Content/Materials/M_SwitchDeactive1.uasset" 231
"../../../../../Create/Projects/Unreal/Tripwire_Redux/Content/Audio/CameraClose.uasset" 232
"../../../../../Create/Projects/Unreal/Tripwire_Redux/Content/Audio/DrawerClose.uasset" 233
"../../../../../Create/Projects/Unreal/Tripwire_Redux/Content/Data/PickUpsCounts.uasset" 234
"../../../../../Create/Projects/Unreal/Tripwire_Redux/Content/SkeletalMeshes/pickupOpen_PhysicsAsset.uasset" 235
"../../../../../Create/Projects/Unreal/Tripwire_Redux/Content/SkeletalMeshes/pickupOpen.uasset" 236
"../../../../../Create/Projects/Unreal/Tripwire_Redux/Content/UI/WB_PickUpHelp.uasset" 237
"../../../../../Create/Projects/Unreal/Tripwire_Redux/Content/Blueprints/Actors/BP_PickUp.uasset" 238
"../../../../../Create/Projects/Unreal/Tripwire_Redux/Content/Materials/M_Laser.uasset" 239
"../../../../../Create/Projects/Unreal/Tripwire_Redux/Content/UI/WB_LaserTimer.uasset" 240
"../../../../../Create/Projects/Unreal/Tripwire_Redux/Content/Blueprints/Actors/BP_Pickup_Laser.uasset" 241
"../../../../../Create/Projects/Unreal/Tripwire_Redux/Content/Blueprints/Actors/BP_Weapon.uasset" 242
"../../../../../Create/Projects/Unreal/Tripwire_Redux/Content/Audio/Barreta.uasset" 243
"../../../../../Create/Projects/Unreal/Tripwire_Redux/Content/Textures/Granite_Flooring.uasset" 244
"../../../../../Create/Projects/Unreal/Tripwire_Redux/Content/Materials/Granite_Flooring_Mat.uasset" 245
"../../../../../Create/Projects/Unreal/Tripwire_Redux/Content/SkeletalMeshes/SK_SMG11_Y_Physics.uasset" 246
"../../../../../Create/Projects/Unreal/Tripwire_Redux/Content/SkeletalMeshes/SK_SMG11_Y_Skeleton.uasset" 247
"../../../../../Create/Projects/Unreal/Tripwire_Redux/Content/SkeletalMeshes/Pistol.uasset" 248
"../../../../../Create/Projects/Unreal/Tripwire_Redux/Content/Blueprints/Actors/BP_Pistol.uasset" 249
"../../../../../Create/Projects/Unreal/Tripwire_Redux/Content/Blueprints/Actors/BP_Punch.uasset" 250
"../../../../../Create/Projects/Unreal/Tripwire_Redux/Content/Audio/SwordSwoosh.uasset" 251
"../../../../../Create/Projects/Unreal/Tripwire_Redux/Content/SkeletalMeshes/Blade_HeroSword10/T_Blade_HeroSword101_D.uasset" 252
"../../../../../Create/Projects/Unreal/Tripwire_Redux/Content/SkeletalMeshes/Blade_HeroSword10/T_Blade_HeroSword101_N.uasset" 253
"../../../../../Create/Projects/Unreal/Tripwire_Redux/Content/SkeletalMeshes/Blade_HeroSword10/T_Blade_HeroSword102_D.uasset" 254
"../../../../../Create/Projects/Unreal/Tripwire_Redux/Content/SkeletalMeshes/Blade_HeroSword10/T_Blade_HeroSword102_M.uasset" 255
"../../../../../Create/Projects/Unreal/Tripwire_Redux/Content/SkeletalMeshes/Blade_HeroSword10/T_Blade_HeroSword102_N.uasset" 256
"../../../../../Create/Projects/Unreal/Tripwire_Redux/Content/SkeletalMeshes/Blade_HeroSword10/M_Blade_HeroSword.uasset" 257
"../../../../../Create/Projects/Unreal/Tripwire_Redux/Content/SkeletalMeshes/Blade_HeroSword10/SK_Blade_HeroSword10_Skeleton.uasset" 258
"../../../../../Create/Projects/Unreal/Tripwire_Redux/Content/SkeletalMeshes/Blade_HeroSword10/SK_Blade_HeroSword10.uasset" 259
"../../../../../Create/Projects/Unreal/Tripwire_Redux/Content/Blueprints/Actors/BP_Sword.uasset" 260
"../../../../../Create/Projects/Unreal/Tripwire_Redux/Content/Materials/M_SwitchDeactive.uasset" 261
"../../../../../Create/Projects/Unreal/Tripwire_Redux/Content/Materials/M_SwitchActive_Inst1.uasset" 262
"../../../../../Create/Projects/Unreal/Tripwire_Redux/Content/Audio/Trapped.uasset" 263
"../../../../../Create/Projects/Unreal/Tripwire_Redux/Content/Audio/Trap.uasset" 264
"../../../../../Create/Projects/Unreal/Tripwire_Redux/Content/Blueprints/Actors/BP_Trap.uasset" 265
"../../../../../Create/Projects/Unreal/Tripwire_Redux/Content/Blueprints/AllLevels/SaveGameTrip.uasset" 266
"../../../../../Create/Projects/Unreal/Tripwire_Redux/Content/Blueprints/AllLevels/GameInstanceTrip.uasset" 267
"../../../../../Create/Projects/Unreal/Tripwire_Redux/Content/Blueprints/Gameplay/GS_Gameplay.uasset" 268
"../../../../../Create/Projects/Unreal/Tripwire_Redux/Content/Blueprints/Gameplay/PS_Gameplay.uasset" 269
"../../../../../Create/Projects/Unreal/Tripwire_Redux/Content/Blueprints/Gameplay/GM_Gameplay.uasset" 270
"../../../../../Create/Projects/Unreal/Tripwire_Redux/Content/Audio/awww.uasset" 271
"../../../../../Create/Projects/Unreal/Tripwire_Redux/Content/Audio/Small_Croud_Applause_2.uasset" 272
"../../../../../Create/Projects/Unreal/Tripwire_Redux/Content/Blueprints/AllLevels/LeftVirtualJoystick.uasset" 273
"../../../../../Create/Projects/Unreal/Tripwire_Redux/Content/UI/WB_GaugeCluster.uasset" 274
"../../../../../Create/Projects/Unreal/Tripwire_Redux/Content/Data/PickUpsHUD.uasset" 275
"../../../../../Create/Projects/Unreal/Tripwire_Redux/Content/UI/WB_Actions.uasset" 276
"../../../../../Create/Projects/Unreal/Tripwire_Redux/Content/UI/WB_Button.uasset" 277
"../../../../../Create/Projects/Unreal/Tripwire_Redux/Content/UI/WB_Devices.uasset" 278
"../../../../../Create/Projects/Unreal/Tripwire_Redux/Content/UI/WB_PauseMenu.uasset" 279
"../../../../../Create/Projects/Unreal/Tripwire_Redux/Content/UI/WB_ButtonPickUps.uasset" 280
"../../../../../Create/Projects/Unreal/Tripwire_Redux/Content/UI/WB_PickUp.uasset" 281
"../../../../../Create/Projects/Unreal/Tripwire_Redux/Content/UI/WB_HUD.uasset" 282
"../../../../../Create/Projects/Unreal/Tripwire_Redux/Content/Textures/Spy_vs_Spy.uasset" 283
"../../../../../Create/Projects/Unreal/Tripwire_Redux/Content/UI/WB_MainMenu.uasset" 284
"../../../../../Create/Projects/Unreal/Tripwire_Redux/Content/Blueprints/Gameplay/PC_MainMenu.uasset" 285
"../../../../../Create/Projects/Unreal/Tripwire_Redux/Content/UI/WB_LAN.uasset" 286
"../../../../../Create/Projects/Unreal/Tripwire_Redux/Content/UI/WB_Server.uasset" 287
"../../../../../Create/Projects/Unreal/Tripwire_Redux/Content/UI/WB_Levels.uasset" 288
"../../../../../Create/Projects/Unreal/Tripwire_Redux/Content/UI/WB_MatchOver.uasset" 289
"../../../../../Create/Projects/Unreal/Tripwire_Redux/Content/Blueprints/Gameplay/PC_Gameplay.uasset" 290
"../../../Engine/Content/BasicShapes/BasicShapeMaterial.uasset" 291
"../../../../../Create/Projects/Unreal/Tripwire_Redux/Content/Materials/M_Black.uasset" 292
"../../../../../Create/Projects/Unreal/Tripwire_Redux/Content/Materials/0_DotCircle_Mat.uasset" 293
"../../../../../Create/Projects/Unreal/Tripwire_Redux/Content/Materials/MI_SmokeAll.uasset" 294
"../../../../../Create/Projects/Unreal/Tripwire_Redux/Content/Materials/MI_SmokeLocal.uasset" 295
"../../../Engine/Content/BasicShapes/Plane.uasset" 296
"../../../Engine/Content/BasicShapes/Sphere.uasset" 297
"../../../../../Create/Projects/Unreal/Tripwire_Redux/Content/Audio/Cough+2.uasset" 298
"../../../../../Create/Projects/Unreal/Tripwire_Redux/Content/Audio/Cough.uasset" 299
"../../../../../Create/Projects/Unreal/Tripwire_Redux/Content/Materials/Granite_Flooring_Mat_Inst.uasset" 300
"../../../../../Create/Projects/Unreal/Tripwire_Redux/Content/Materials/M_SwitchActive_Inst.uasset" 301
"../../../../../Create/Projects/Unreal/Tripwire_Redux/Content/Textures/Terracotta_Floor_Texture.uasset" 302
"../../../../../Create/Projects/Unreal/Tripwire_Redux/Content/Materials/Room.uasset" 303
"../../../../../Create/Projects/Unreal/Tripwire_Redux/Content/Textures/179_decorative_lime_plaster_PBR_texture-seamless.uasset" 304
"../../../../../Create/Projects/Unreal/Tripwire_Redux/Content/Materials/Room_Inst.uasset" 305
"../../../../../Create/Projects/Unreal/Tripwire_Redux/Content/Textures/65_series_deco_style_tiles_texture-seamless.uasset" 306
"../../../../../Create/Projects/Unreal/Tripwire_Redux/Content/Materials/Room_Inst_Inst1.uasset" 307
"../../../../../Create/Projects/Unreal/Tripwire_Redux/Content/Textures/9_plaster_painted_wall_texture-seamless.uasset" 308
"../../../../../Create/Projects/Unreal/Tripwire_Redux/Content/Materials/Room_Inst_Inst9.uasset" 309
"../../../../../Create/Projects/Unreal/Tripwire_Redux/Content/StaticMeshes/Room1_2.uasset" 310
"../../../../../Create/Projects/Unreal/Tripwire_Redux/Content/UI/WB_SwitchHelp.uasset" 311
"../../../../../Create/Projects/Unreal/Tripwire_Redux/Content/Blueprints/Actors/BP_Room.uasset" 312
"../../../../../Create/Projects/Unreal/Tripwire_Redux/Content/Audio/Bomb+2.uasset" 313
"../../../../../Create/Projects/Unreal/Tripwire_Redux/Content/Blueprints/Actors/BP_Grenade.uasset" 314
"../../../Engine/Content/Functions/MaterialLayerFunctions/MatLayerBlend_NormalBlend.uasset" 315
"../../../Engine/Content/Functions/MaterialLayerFunctions/MatLayerBlend_Simple.uasset" 316
"../../../../../Create/Projects/Unreal/Tripwire_Redux/Content/Blueprints/Characters/Mannequin/Character/Materials/MaterialLayers/T_ML_Rubber_Blue_01_D.uasset" 317
"../../../../../Create/Projects/Unreal/Tripwire_Redux/Content/Blueprints/Characters/Mannequin/Character/Materials/MaterialLayers/T_ML_Rubber_Blue_01_N.uasset" 318
"../../../../../Create/Projects/Unreal/Tripwire_Redux/Content/Blueprints/Characters/Mannequin/Character/Materials/MaterialLayers/ML_GlossyBlack_Latex_UE4.uasset" 319
"../../../../../Create/Projects/Unreal/Tripwire_Redux/Content/Blueprints/Characters/Mannequin/Character/Materials/MaterialLayers/ML_Plastic_Shiny_Beige.uasset" 320
"../../../../../Create/Projects/Unreal/Tripwire_Redux/Content/Blueprints/Characters/Mannequin/Character/Textures/UE4_LOGO_CARD.uasset" 321
"../../../../../Create/Projects/Unreal/Tripwire_Redux/Content/Blueprints/Characters/Mannequin/Character/Materials/MaterialLayers/ML_Plastic_Shiny_Beige_LOGO.uasset" 322
"../../../../../Create/Projects/Unreal/Tripwire_Redux/Content/Blueprints/Characters/Mannequin/Character/Materials/MaterialLayers/T_ML_Aluminum01.uasset" 323
"../../../../../Create/Projects/Unreal/Tripwire_Redux/Content/Blueprints/Characters/Mannequin/Character/Materials/MaterialLayers/T_ML_Aluminum01_N.uasset" 324
"../../../../../Create/Projects/Unreal/Tripwire_Redux/Content/Blueprints/Characters/Mannequin/Character/Materials/MaterialLayers/ML_SoftMetal_UE4.uasset" 325
"../../../../../Create/Projects/Unreal/Tripwire_Redux/Content/Blueprints/Characters/Mannequin/Character/Textures/T_UE4_Mannequin_Mobile_M.uasset" 326
"../../../../../Create/Projects/Unreal/Tripwire_Redux/Content/Blueprints/Characters/Mannequin/Character/Textures/T_UE4_Mannequin_Mobile_N.uasset" 327
"../../../../../Create/Projects/Unreal/Tripwire_Redux/Content/Blueprints/Characters/Mannequin/Character/Materials/M_UE4Man_Body.uasset" 328
"../../../../../Create/Projects/Unreal/Tripwire_Redux/Content/Blueprints/Characters/Mannequin/Character/Materials/M_UE4Man_Body_Inst.uasset" 329
"../../../../../Create/Projects/Unreal/Tripwire_Redux/Content/Audio/Line_Crossed.uasset" 330
"../../../../../Create/Projects/Unreal/Tripwire_Redux/Content/Audio/CrossedTheLine.uasset" 331
"../../../../../Create/Projects/Unreal/Tripwire_Redux/Content/Audio/emergency_alarm_002_1.uasset" 332
"../../../../../Create/Projects/Unreal/Tripwire_Redux/Content/Audio/Walk.uasset" 333
"../../../../../Create/Projects/Unreal/Tripwire_Redux/Content/Audio/WalkAttenuation.uasset" 334
"../../../../../Create/Projects/Unreal/Tripwire_Redux/Content/Audio/Yell+2.uasset" 335
"../../../../../Create/Projects/Unreal/Tripwire_Redux/Content/Blueprints/Characters/Mannequin/Character/Textures/UE4Man_Logo_N.uasset" 336
"../../../../../Create/Projects/Unreal/Tripwire_Redux/Content/Blueprints/Characters/Mannequin/Character/Materials/M_UE4Man_ChestLogo.uasset" 337
"../../../../../Create/Projects/Unreal/Tripwire_Redux/Content/Blueprints/Characters/Mannequin/Character/Mesh/SK_Mannequin.uasset" 338
"../../../../../Create/Projects/Unreal/Tripwire_Redux/Content/UI/WB_EnemyHealth.uasset" 339
"../../../../../Create/Projects/Unreal/Tripwire_Redux/Content/Blueprints/Characters/PlayerCharacter.uasset" 340
"../../../../../Create/Projects/Unreal/Tripwire_Redux/Content/Blueprints/Characters/Mannequin/Animations/ABP_ThirdPerson_Lobby.uasset" 341
"../../../../../Create/Projects/Unreal/Tripwire_Redux/Content/Blueprints/Characters/PChar_Lobby.uasset" 342
"../../../../../Create/Projects/Unreal/Tripwire_Redux/Content/UI/WB_LobbyHUD.uasset" 343
"../../../../../Create/Projects/Unreal/Tripwire_Redux/Content/Blueprints/Gameplay/PC_Lobby.uasset" 344
"../../../../../Create/Projects/Unreal/Tripwire_Redux/Content/Blueprints/Gameplay/GM_Lobby.uasset" 345
"../../../../../Create/Projects/Unreal/Tripwire_Redux/Content/Maps/Lobby_BuiltData.uasset" 346
"../../../../../Create/Projects/Unreal/Tripwire_Redux/Content/Maps/Lobby.umap" 347
"../../../../../Create/Projects/Unreal/Tripwire_Redux/Content/Blueprints/Gameplay/GM_MainMenu.uasset" 348
"../../../../../Create/Projects/Unreal/Tripwire_Redux/Content/Maps/MainMenu_BuiltData.uasset" 349
"../../../../../Create/Projects/Unreal/Tripwire_Redux/Content/Maps/MainMenu.umap" 350
"../../../../../Create/Projects/Unreal/Tripwire_Redux/Content/Materials/M_Background.uasset" 351
"../../../../../Create/Projects/Unreal/Tripwire_Redux/Content/Materials/M_UpStairs.uasset" 352
"../../../../../Create/Projects/Unreal/Tripwire_Redux/Content/StaticMeshes/Stairs0_1.uasset" 353
"../../../../../Create/Projects/Unreal/Tripwire_Redux/Content/Blueprints/Actors/BP_Stairs.uasset" 354
"../../../../../Create/Projects/Unreal/Tripwire_Redux/Content/StaticMeshes/Stairs0_1Up.uasset" 355
"../../../../../Create/Projects/Unreal/Tripwire_Redux/Content/Blueprints/Actors/BP_StairsUp.uasset" 356
"../../../../../Create/Projects/Unreal/Tripwire_Redux/Content/Maps/Map01_BuiltData.uasset" 357
"../../../../../Create/Projects/Unreal/Tripwire_Redux/Content/Textures/35_concrete_hexagonal_tile_texture-seamless.uasset" 358
"../../../../../Create/Projects/Unreal/Tripwire_Redux/Content/Materials/Room_Inst_Inst.uasset" 359
"../../../../../Create/Projects/Unreal/Tripwire_Redux/Content/Textures/24_Santa_Fe_plaster_painted_wall_texture-seamless.uasset" 360
"../../../../../Create/Projects/Unreal/Tripwire_Redux/Content/Materials/Room_Inst_Inst7.uasset" 361
"../../../../../Create/Projects/Unreal/Tripwire_Redux/Content/Textures/WoodFLooring.uasset" 362
"../../../../../Create/Projects/Unreal/Tripwire_Redux/Content/Materials/WoodFLooring_Mat.uasset" 363
"../../../../../Create/Projects/Unreal/Tripwire_Redux/Content/Materials/WoodFLooring_Mat_Inst.uasset" 364
"../../../../../Create/Projects/Unreal/Tripwire_Redux/Content/StaticMeshes/Room1_1.uasset" 365
"../../../../../Create/Projects/Unreal/Tripwire_Redux/Content/Textures/94_stacked_slabs_walls_stone_texture-seamless.uasset" 366
"../../../../../Create/Projects/Unreal/Tripwire_Redux/Content/Materials/Room_Inst_Inst6.uasset" 367
"../../../../../Create/Projects/Unreal/Tripwire_Redux/Content/Materials/Terracotta_Floor_Texture_Mat.uasset" 368
"../../../../../Create/Projects/Unreal/Tripwire_Redux/Content/Materials/Terracotta_Floor_Texture_Mat_Inst.uasset" 369
"../../../../../Create/Projects/Unreal/Tripwire_Redux/Content/StaticMeshes/Room1_3.uasset" 370
"../../../../../Create/Projects/Unreal/Tripwire_Redux/Content/Materials/MI_Barrel01_1.uasset" 371
"../../../../../Create/Projects/Unreal/Tripwire_Redux/Content/StaticMeshes/SM_Barrel01.uasset" 372
"../../../../../Create/Projects/Unreal/Tripwire_Redux/Content/Textures/Outside/T_Tarp01_D.uasset" 373
"../../../../../Create/Projects/Unreal/Tripwire_Redux/Content/Textures/Outside/T_Tarp01_N.uasset" 374
"../../../../../Create/Projects/Unreal/Tripwire_Redux/Content/Textures/Outside/T_Tarp01_SRM.uasset" 375
"../../../../../Create/Projects/Unreal/Tripwire_Redux/Content/Materials/MI_Tarp01_1.uasset" 376
"../../../../../Create/Projects/Unreal/Tripwire_Redux/Content/StaticMeshes/SM_Barrel04.uasset" 377
"../../../../../Create/Projects/Unreal/Tripwire_Redux/Content/Textures/Outside/T_Box01_D.uasset" 378
"../../../../../Create/Projects/Unreal/Tripwire_Redux/Content/Textures/Outside/T_Box01_N.uasset" 379
"../../../../../Create/Projects/Unreal/Tripwire_Redux/Content/Textures/Outside/T_Box01_SRM.uasset" 380
"../../../../../Create/Projects/Unreal/Tripwire_Redux/Content/Materials/MI_Box01_2.uasset" 381
"../../../../../Create/Projects/Unreal/Tripwire_Redux/Content/StaticMeshes/SM_Box01.uasset" 382
"../../../../../Create/Projects/Unreal/Tripwire_Redux/Content/StaticMeshes/SM_Box02.uasset" 383
"../../../../../Create/Projects/Unreal/Tripwire_Redux/Content/StaticMeshes/SM_Box03.uasset" 384
"../../../../../Create/Projects/Unreal/Tripwire_Redux/Content/Textures/Outside/T_Cartonbox01_D.uasset" 385
"../../../../../Create/Projects/Unreal/Tripwire_Redux/Content/Textures/Outside/T_Cartonbox01_N.uasset" 386
"../../../../../Create/Projects/Unreal/Tripwire_Redux/Content/Textures/Outside/T_Cartonbox01_SRM.uasset" 387
"../../../../../Create/Projects/Unreal/Tripwire_Redux/Content/Materials/MI_Cartonbox01_1.uasset" 388
"../../../../../Create/Projects/Unreal/Tripwire_Redux/Content/StaticMeshes/SM_CartonBox01.uasset" 389
"../../../../../Create/Projects/Unreal/Tripwire_Redux/Content/StaticMeshes/SM_CartonBox03.uasset" 390
"../../../../../Create/Projects/Unreal/Tripwire_Redux/Content/Textures/Texture_Atlas.uasset" 391
"../../../../../Create/Projects/Unreal/Tripwire_Redux/Content/Materials/M_Texture_Atlas.uasset" 392
"../../../../../Create/Projects/Unreal/Tripwire_Redux/Content/StaticMeshes/SM_Couch_1B.uasset" 393
"../../../../../Create/Projects/Unreal/Tripwire_Redux/Content/StaticMeshes/SM_Couch_3A.uasset" 394
"../../../../../Create/Projects/Unreal/Tripwire_Redux/Content/StaticMeshes/SM_Couch_4B.uasset" 395
"../../../../../Create/Projects/Unreal/Tripwire_Redux/Content/StaticMeshes/SM_Curtain_3.uasset" 396
"../../../../../Create/Projects/Unreal/Tripwire_Redux/Content/StaticMeshes/SM_Desk_1.uasset" 397
"../../../../../Create/Projects/Unreal/Tripwire_Redux/Content/StaticMeshes/SM_Desk_2.uasset" 398
"../../../../../Create/Projects/Unreal/Tripwire_Redux/Content/StaticMeshes/SM_Drawer_2B.uasset" 399
"../../../../../Create/Projects/Unreal/Tripwire_Redux/Content/StaticMeshes/SM_Fan.uasset" 400
"../../../../../Create/Projects/Unreal/Tripwire_Redux/Content/Textures/Outside/T_Hose_D.uasset" 401
"../../../../../Create/Projects/Unreal/Tripwire_Redux/Content/Textures/Outside/T_Hose_N.uasset" 402
"../../../../../Create/Projects/Unreal/Tripwire_Redux/Content/Textures/Outside/T_Hose_SRM.uasset" 403
"../../../../../Create/Projects/Unreal/Tripwire_Redux/Content/Materials/MI_Hose01_1.uasset" 404
"../../../../../Create/Projects/Unreal/Tripwire_Redux/Content/StaticMeshes/SM_Hose01.uasset" 405
"../../../../../Create/Projects/Unreal/Tripwire_Redux/Content/Textures/Outside/T_Newspaper01_D.uasset" 406
"../../../../../Create/Projects/Unreal/Tripwire_Redux/Content/Textures/Outside/T_Newspaper01_N.uasset" 407
"../../../../../Create/Projects/Unreal/Tripwire_Redux/Content/Textures/Outside/T_Newspaper01_SRM.uasset" 408
"../../../../../Create/Projects/Unreal/Tripwire_Redux/Content/Materials/MI_Newspaper01_1.uasset" 409
"../../../../../Create/Projects/Unreal/Tripwire_Redux/Content/StaticMeshes/SM_Newspaper03.uasset" 410
"../../../../../Create/Projects/Unreal/Tripwire_Redux/Content/Textures/Outside/T_Rack_D.uasset" 411
"../../../../../Create/Projects/Unreal/Tripwire_Redux/Content/Textures/Outside/T_Rack_N.uasset" 412
"../../../../../Create/Projects/Unreal/Tripwire_Redux/Content/Textures/Outside/T_Rack_SRM.uasset" 413
"../../../../../Create/Projects/Unreal/Tripwire_Redux/Content/Materials/MI_Rack01_1.uasset" 414
"../../../../../Create/Projects/Unreal/Tripwire_Redux/Content/StaticMeshes/SM_Rack01.uasset" 415
"../../../../../Create/Projects/Unreal/Tripwire_Redux/Content/StaticMeshes/SM_Stool_3B.uasset" 416
"../../../../../Create/Projects/Unreal/Tripwire_Redux/Content/StaticMeshes/SM_Tarp02.uasset" 417
"../../../../../Create/Projects/Unreal/Tripwire_Redux/Content/Textures/Outside/T_TrafficBarrel01_D.uasset" 418
"../../../../../Create/Projects/Unreal/Tripwire_Redux/Content/Textures/Outside/T_TrafficBarrel01_N.uasset" 419
"../../../../../Create/Projects/Unreal/Tripwire_Redux/Content/Textures/Outside/T_TrafficBarrel01_SRM.uasset" 420
"../../../../../Create/Projects/Unreal/Tripwire_Redux/Content/Materials/MI_TrafficBarrel01_1.uasset" 421
"../../../../../Create/Projects/Unreal/Tripwire_Redux/Content/StaticMeshes/SM_TrafficBarrel01.uasset" 422
"../../../../../Create/Projects/Unreal/Tripwire_Redux/Content/StaticMeshes/SM_WardRobe_1B.uasset" 423
"../../../../../Create/Projects/Unreal/Tripwire_Redux/Content/Textures/Outside/T_WaterTank01_D.uasset" 424
"../../../../../Create/Projects/Unreal/Tripwire_Redux/Content/Textures/Outside/T_WaterTank01_N.uasset" 425
"../../../../../Create/Projects/Unreal/Tripwire_Redux/Content/Textures/Outside/T_WaterTank01_SRM.uasset" 426
"../../../../../Create/Projects/Unreal/Tripwire_Redux/Content/Materials/MI_WaterTank01.uasset" 427
"../../../../../Create/Projects/Unreal/Tripwire_Redux/Content/StaticMeshes/SM_WaterTank01.uasset" 428
"../../../../../Create/Projects/Unreal/Tripwire_Redux/Content/Maps/Map01.umap" 429
"../../../../../Create/Projects/Unreal/Tripwire_Redux/Content/Maps/TravelMap_BuiltData.uasset" 430
"../../../../../Create/Projects/Unreal/Tripwire_Redux/Content/Maps/TravelMap.umap" 431
